<?xml version="1.0" encoding="UTF-8"?>
<testsuite xmlns:xsi="http://www.w3.org/2001/XMLSchema-instance" xsi:noNamespaceSchemaLocation="https://maven.apache.org/surefire/maven-surefire-plugin/xsd/surefire-test-report-3.0.xsd" version="3.0" name="com.airmont.AirmontApplicationTests" time="7.175" tests="1" errors="0" skipped="0" failures="0">
  <properties>
    <property name="java.specification.version" value="21"/>
    <property name="sun.cpu.isalist" value="amd64"/>
    <property name="sun.jnu.encoding" value="Cp1252"/>
    <property name="java.class.path" value="C:\Users\lucam\OneDrive\Documentos\Lucas\Proyecto-web\AirMont\AirMontBackend\airmont\target\test-classes;C:\Users\lucam\OneDrive\Documentos\Lucas\Proyecto-web\AirMont\AirMontBackend\airmont\target\classes;C:\Users\lucam\.m2\repository\org\springframework\boot\spring-boot-starter-data-jdbc\3.3.5\spring-boot-starter-data-jdbc-3.3.5.jar;C:\Users\lucam\.m2\repository\org\springframework\boot\spring-boot-starter-jdbc\3.3.5\spring-boot-starter-jdbc-3.3.5.jar;C:\Users\lucam\.m2\repository\com\zaxxer\HikariCP\5.1.0\HikariCP-5.1.0.jar;C:\Users\lucam\.m2\repository\org\springframework\spring-jdbc\6.1.14\spring-jdbc-6.1.14.jar;C:\Users\lucam\.m2\repository\org\springframework\data\spring-data-jdbc\3.3.5\spring-data-jdbc-3.3.5.jar;C:\Users\lucam\.m2\repository\org\springframework\data\spring-data-relational\3.3.5\spring-data-relational-3.3.5.jar;C:\Users\lucam\.m2\repository\org\springframework\data\spring-data-commons\3.3.5\spring-data-commons-3.3.5.jar;C:\Users\lucam\.m2\repository\org\springframework\spring-tx\6.1.14\spring-tx-6.1.14.jar;C:\Users\lucam\.m2\repository\org\springframework\spring-context\6.1.14\spring-context-6.1.14.jar;C:\Users\lucam\.m2\repository\org\springframework\spring-beans\6.1.14\spring-beans-6.1.14.jar;C:\Users\lucam\.m2\repository\org\slf4j\slf4j-api\2.0.16\slf4j-api-2.0.16.jar;C:\Users\lucam\.m2\repository\org\springframework\boot\spring-boot-starter-data-jpa\3.3.5\spring-boot-starter-data-jpa-3.3.5.jar;C:\Users\lucam\.m2\repository\org\springframework\boot\spring-boot-starter-aop\3.3.5\spring-boot-starter-aop-3.3.5.jar;C:\Users\lucam\.m2\repository\org\springframework\spring-aop\6.1.14\spring-aop-6.1.14.jar;C:\Users\lucam\.m2\repository\org\aspectj\aspectjweaver\1.9.22.1\aspectjweaver-1.9.22.1.jar;C:\Users\lucam\.m2\repository\org\hibernate\orm\hibernate-core\6.5.3.Final\hibernate-core-6.5.3.Final.jar;C:\Users\lucam\.m2\repository\jakarta\persistence\jakarta.persistence-api\3.1.0\jakarta.persistence-api-3.1.0.jar;C:\Users\lucam\.m2\repository\jakarta\transaction\jakarta.transaction-api\2.0.1\jakarta.transaction-api-2.0.1.jar;C:\Users\lucam\.m2\repository\org\jboss\logging\jboss-logging\3.5.3.Final\jboss-logging-3.5.3.Final.jar;C:\Users\lucam\.m2\repository\org\hibernate\common\hibernate-commons-annotations\6.0.6.Final\hibernate-commons-annotations-6.0.6.Final.jar;C:\Users\lucam\.m2\repository\io\smallrye\jandex\3.1.2\jandex-3.1.2.jar;C:\Users\lucam\.m2\repository\com\fasterxml\classmate\1.7.0\classmate-1.7.0.jar;C:\Users\lucam\.m2\repository\net\bytebuddy\byte-buddy\1.14.19\byte-buddy-1.14.19.jar;C:\Users\lucam\.m2\repository\org\glassfish\jaxb\jaxb-runtime\4.0.5\jaxb-runtime-4.0.5.jar;C:\Users\lucam\.m2\repository\org\glassfish\jaxb\jaxb-core\4.0.5\jaxb-core-4.0.5.jar;C:\Users\lucam\.m2\repository\org\eclipse\angus\angus-activation\2.0.2\angus-activation-2.0.2.jar;C:\Users\lucam\.m2\repository\org\glassfish\jaxb\txw2\4.0.5\txw2-4.0.5.jar;C:\Users\lucam\.m2\repository\com\sun\istack\istack-commons-runtime\4.1.2\istack-commons-runtime-4.1.2.jar;C:\Users\lucam\.m2\repository\jakarta\inject\jakarta.inject-api\2.0.1\jakarta.inject-api-2.0.1.jar;C:\Users\lucam\.m2\repository\org\antlr\antlr4-runtime\4.13.0\antlr4-runtime-4.13.0.jar;C:\Users\lucam\.m2\repository\org\springframework\data\spring-data-jpa\3.3.5\spring-data-jpa-3.3.5.jar;C:\Users\lucam\.m2\repository\org\springframework\spring-orm\6.1.14\spring-orm-6.1.14.jar;C:\Users\lucam\.m2\repository\jakarta\annotation\jakarta.annotation-api\2.1.1\jakarta.annotation-api-2.1.1.jar;C:\Users\lucam\.m2\repository\org\springframework\spring-aspects\6.1.14\spring-aspects-6.1.14.jar;C:\Users\lucam\.m2\repository\org\springframework\boot\spring-boot-starter-web\3.3.5\spring-boot-starter-web-3.3.5.jar;C:\Users\lucam\.m2\repository\org\springframework\boot\spring-boot-starter\3.3.5\spring-boot-starter-3.3.5.jar;C:\Users\lucam\.m2\repository\org\springframework\boot\spring-boot\3.3.5\spring-boot-3.3.5.jar;C:\Users\lucam\.m2\repository\org\springframework\boot\spring-boot-autoconfigure\3.3.5\spring-boot-autoconfigure-3.3.5.jar;C:\Users\lucam\.m2\repository\org\springframework\boot\spring-boot-starter-logging\3.3.5\spring-boot-starter-logging-3.3.5.jar;C:\Users\lucam\.m2\repository\ch\qos\logback\logback-classic\1.5.11\logback-classic-1.5.11.jar;C:\Users\lucam\.m2\repository\ch\qos\logback\logback-core\1.5.11\logback-core-1.5.11.jar;C:\Users\lucam\.m2\repository\org\apache\logging\log4j\log4j-to-slf4j\2.23.1\log4j-to-slf4j-2.23.1.jar;C:\Users\lucam\.m2\repository\org\apache\logging\log4j\log4j-api\2.23.1\log4j-api-2.23.1.jar;C:\Users\lucam\.m2\repository\org\slf4j\jul-to-slf4j\2.0.16\jul-to-slf4j-2.0.16.jar;C:\Users\lucam\.m2\repository\org\yaml\snakeyaml\2.2\snakeyaml-2.2.jar;C:\Users\lucam\.m2\repository\org\springframework\boot\spring-boot-starter-json\3.3.5\spring-boot-starter-json-3.3.5.jar;C:\Users\lucam\.m2\repository\com\fasterxml\jackson\core\jackson-databind\2.17.2\jackson-databind-2.17.2.jar;C:\Users\lucam\.m2\repository\com\fasterxml\jackson\core\jackson-annotations\2.17.2\jackson-annotations-2.17.2.jar;C:\Users\lucam\.m2\repository\com\fasterxml\jackson\core\jackson-core\2.17.2\jackson-core-2.17.2.jar;C:\Users\lucam\.m2\repository\com\fasterxml\jackson\datatype\jackson-datatype-jdk8\2.17.2\jackson-datatype-jdk8-2.17.2.jar;C:\Users\lucam\.m2\repository\com\fasterxml\jackson\datatype\jackson-datatype-jsr310\2.17.2\jackson-datatype-jsr310-2.17.2.jar;C:\Users\lucam\.m2\repository\com\fasterxml\jackson\module\jackson-module-parameter-names\2.17.2\jackson-module-parameter-names-2.17.2.jar;C:\Users\lucam\.m2\repository\org\springframework\boot\spring-boot-starter-tomcat\3.3.5\spring-boot-starter-tomcat-3.3.5.jar;C:\Users\lucam\.m2\repository\org\apache\tomcat\embed\tomcat-embed-core\10.1.31\tomcat-embed-core-10.1.31.jar;C:\Users\lucam\.m2\repository\org\apache\tomcat\embed\tomcat-embed-el\10.1.31\tomcat-embed-el-10.1.31.jar;C:\Users\lucam\.m2\repository\org\apache\tomcat\embed\tomcat-embed-websocket\10.1.31\tomcat-embed-websocket-10.1.31.jar;C:\Users\lucam\.m2\repository\org\springframework\spring-web\6.1.14\spring-web-6.1.14.jar;C:\Users\lucam\.m2\repository\io\micrometer\micrometer-observation\1.13.6\micrometer-observation-1.13.6.jar;C:\Users\lucam\.m2\repository\io\micrometer\micrometer-commons\1.13.6\micrometer-commons-1.13.6.jar;C:\Users\lucam\.m2\repository\org\springframework\spring-webmvc\6.1.14\spring-webmvc-6.1.14.jar;C:\Users\lucam\.m2\repository\org\springframework\spring-expression\6.1.14\spring-expression-6.1.14.jar;C:\Users\lucam\.m2\repository\org\springframework\boot\spring-boot-starter-test\3.3.5\spring-boot-starter-test-3.3.5.jar;C:\Users\lucam\.m2\repository\org\springframework\boot\spring-boot-test\3.3.5\spring-boot-test-3.3.5.jar;C:\Users\lucam\.m2\repository\org\springframework\boot\spring-boot-test-autoconfigure\3.3.5\spring-boot-test-autoconfigure-3.3.5.jar;C:\Users\lucam\.m2\repository\com\jayway\jsonpath\json-path\2.9.0\json-path-2.9.0.jar;C:\Users\lucam\.m2\repository\jakarta\xml\bind\jakarta.xml.bind-api\4.0.2\jakarta.xml.bind-api-4.0.2.jar;C:\Users\lucam\.m2\repository\jakarta\activation\jakarta.activation-api\2.1.3\jakarta.activation-api-2.1.3.jar;C:\Users\lucam\.m2\repository\net\minidev\json-smart\2.5.1\json-smart-2.5.1.jar;C:\Users\lucam\.m2\repository\net\minidev\accessors-smart\2.5.1\accessors-smart-2.5.1.jar;C:\Users\lucam\.m2\repository\org\ow2\asm\asm\9.6\asm-9.6.jar;C:\Users\lucam\.m2\repository\org\assertj\assertj-core\3.25.3\assertj-core-3.25.3.jar;C:\Users\lucam\.m2\repository\org\awaitility\awaitility\4.2.2\awaitility-4.2.2.jar;C:\Users\lucam\.m2\repository\org\hamcrest\hamcrest\2.2\hamcrest-2.2.jar;C:\Users\lucam\.m2\repository\org\junit\jupiter\junit-jupiter\5.10.5\junit-jupiter-5.10.5.jar;C:\Users\lucam\.m2\repository\org\junit\jupiter\junit-jupiter-api\5.10.5\junit-jupiter-api-5.10.5.jar;C:\Users\lucam\.m2\repository\org\opentest4j\opentest4j\1.3.0\opentest4j-1.3.0.jar;C:\Users\lucam\.m2\repository\org\junit\platform\junit-platform-commons\1.10.5\junit-platform-commons-1.10.5.jar;C:\Users\lucam\.m2\repository\org\apiguardian\apiguardian-api\1.1.2\apiguardian-api-1.1.2.jar;C:\Users\lucam\.m2\repository\org\junit\jupiter\junit-jupiter-params\5.10.5\junit-jupiter-params-5.10.5.jar;C:\Users\lucam\.m2\repository\org\junit\jupiter\junit-jupiter-engine\5.10.5\junit-jupiter-engine-5.10.5.jar;C:\Users\lucam\.m2\repository\org\junit\platform\junit-platform-engine\1.10.5\junit-platform-engine-1.10.5.jar;C:\Users\lucam\.m2\repository\org\mockito\mockito-core\5.11.0\mockito-core-5.11.0.jar;C:\Users\lucam\.m2\repository\net\bytebuddy\byte-buddy-agent\1.14.19\byte-buddy-agent-1.14.19.jar;C:\Users\lucam\.m2\repository\org\objenesis\objenesis\3.3\objenesis-3.3.jar;C:\Users\lucam\.m2\repository\org\mockito\mockito-junit-jupiter\5.11.0\mockito-junit-jupiter-5.11.0.jar;C:\Users\lucam\.m2\repository\org\skyscreamer\jsonassert\1.5.3\jsonassert-1.5.3.jar;C:\Users\lucam\.m2\repository\com\vaadin\external\google\android-json\0.0.20131108.vaadin1\android-json-0.0.20131108.vaadin1.jar;C:\Users\lucam\.m2\repository\org\springframework\spring-core\6.1.14\spring-core-6.1.14.jar;C:\Users\lucam\.m2\repository\org\springframework\spring-jcl\6.1.14\spring-jcl-6.1.14.jar;C:\Users\lucam\.m2\repository\org\springframework\spring-test\6.1.14\spring-test-6.1.14.jar;C:\Users\lucam\.m2\repository\org\xmlunit\xmlunit-core\2.9.1\xmlunit-core-2.9.1.jar;C:\Users\lucam\.m2\repository\com\mysql\mysql-connector-j\8.0.33\mysql-connector-j-8.0.33.jar;C:\Users\lucam\.m2\repository\org\springdoc\springdoc-openapi-starter-webmvc-ui\2.4.0\springdoc-openapi-starter-webmvc-ui-2.4.0.jar;C:\Users\lucam\.m2\repository\org\springdoc\springdoc-openapi-starter-webmvc-api\2.4.0\springdoc-openapi-starter-webmvc-api-2.4.0.jar;C:\Users\lucam\.m2\repository\org\springdoc\springdoc-openapi-starter-common\2.4.0\springdoc-openapi-starter-common-2.4.0.jar;C:\Users\lucam\.m2\repository\io\swagger\core\v3\swagger-core-jakarta\2.2.20\swagger-core-jakarta-2.2.20.jar;C:\Users\lucam\.m2\repository\io\swagger\core\v3\swagger-annotations-jakarta\2.2.20\swagger-annotations-jakarta-2.2.20.jar;C:\Users\lucam\.m2\repository\io\swagger\core\v3\swagger-models-jakarta\2.2.20\swagger-models-jakarta-2.2.20.jar;C:\Users\lucam\.m2\repository\jakarta\validation\jakarta.validation-api\3.0.2\jakarta.validation-api-3.0.2.jar;C:\Users\lucam\.m2\repository\com\fasterxml\jackson\dataformat\jackson-dataformat-yaml\2.17.2\jackson-dataformat-yaml-2.17.2.jar;C:\Users\lucam\.m2\repository\org\webjars\swagger-ui\5.11.8\swagger-ui-5.11.8.jar;C:\Users\lucam\.m2\repository\com\mercadopago\sdk-java\2.1.7\sdk-java-2.1.7.jar;C:\Users\lucam\.m2\repository\org\apache\maven\plugins\maven-javadoc-plugin\3.3.2\maven-javadoc-plugin-3.3.2.jar;C:\Users\lucam\.m2\repository\org\apache\maven\maven-core\3.0\maven-core-3.0.jar;C:\Users\lucam\.m2\repository\org\apache\maven\maven-settings-builder\3.0\maven-settings-builder-3.0.jar;C:\Users\lucam\.m2\repository\org\apache\maven\maven-repository-metadata\3.0\maven-repository-metadata-3.0.jar;C:\Users\lucam\.m2\repository\org\apache\maven\maven-model-builder\3.0\maven-model-builder-3.0.jar;C:\Users\lucam\.m2\repository\org\apache\maven\maven-aether-provider\3.0\maven-aether-provider-3.0.jar;C:\Users\lucam\.m2\repository\org\sonatype\aether\aether-impl\1.7\aether-impl-1.7.jar;C:\Users\lucam\.m2\repository\org\sonatype\aether\aether-spi\1.7\aether-spi-1.7.jar;C:\Users\lucam\.m2\repository\org\sonatype\aether\aether-api\1.7\aether-api-1.7.jar;C:\Users\lucam\.m2\repository\org\sonatype\aether\aether-util\1.7\aether-util-1.7.jar;C:\Users\lucam\.m2\repository\org\sonatype\sisu\sisu-inject-plexus\1.4.2\sisu-inject-plexus-1.4.2.jar;C:\Users\lucam\.m2\repository\org\sonatype\sisu\sisu-inject-bean\1.4.2\sisu-inject-bean-1.4.2.jar;C:\Users\lucam\.m2\repository\org\sonatype\sisu\sisu-guice\2.1.7\sisu-guice-2.1.7-noaop.jar;C:\Users\lucam\.m2\repository\org\codehaus\plexus\plexus-interpolation\1.14\plexus-interpolation-1.14.jar;C:\Users\lucam\.m2\repository\org\codehaus\plexus\plexus-classworlds\2.2.3\plexus-classworlds-2.2.3.jar;C:\Users\lucam\.m2\repository\org\codehaus\plexus\plexus-component-annotations\1.5.5\plexus-component-annotations-1.5.5.jar;C:\Users\lucam\.m2\repository\org\sonatype\plexus\plexus-sec-dispatcher\1.3\plexus-sec-dispatcher-1.3.jar;C:\Users\lucam\.m2\repository\org\sonatype\plexus\plexus-cipher\1.4\plexus-cipher-1.4.jar;C:\Users\lucam\.m2\repository\org\apache\maven\maven-model\3.0\maven-model-3.0.jar;C:\Users\lucam\.m2\repository\org\apache\maven\maven-settings\3.0\maven-settings-3.0.jar;C:\Users\lucam\.m2\repository\org\apache\maven\maven-plugin-api\3.0\maven-plugin-api-3.0.jar;C:\Users\lucam\.m2\repository\org\apache\maven\maven-artifact\3.0\maven-artifact-3.0.jar;C:\Users\lucam\.m2\repository\org\apache\maven\reporting\maven-reporting-api\3.1.0\maven-reporting-api-3.1.0.jar;C:\Users\lucam\.m2\repository\org\apache\maven\maven-archiver\3.5.1\maven-archiver-3.5.1.jar;C:\Users\lucam\.m2\repository\org\apache\maven\shared\maven-shared-utils\3.3.3\maven-shared-utils-3.3.3.jar;C:\Users\lucam\.m2\repository\org\apache\maven\shared\maven-invoker\3.1.0\maven-invoker-3.1.0.jar;C:\Users\lucam\.m2\repository\javax\inject\javax.inject\1\javax.inject-1.jar;C:\Users\lucam\.m2\repository\org\apache\maven\shared\maven-common-artifact-filters\3.1.1\maven-common-artifact-filters-3.1.1.jar;C:\Users\lucam\.m2\repository\org\apache\maven\shared\maven-artifact-transfer\0.13.1\maven-artifact-transfer-0.13.1.jar;C:\Users\lucam\.m2\repository\org\apache\maven\doxia\doxia-sink-api\1.11.1\doxia-sink-api-1.11.1.jar;C:\Users\lucam\.m2\repository\org\apache\maven\doxia\doxia-logging-api\1.11.1\doxia-logging-api-1.11.1.jar;C:\Users\lucam\.m2\repository\org\apache\maven\doxia\doxia-site-renderer\1.11.1\doxia-site-renderer-1.11.1.jar;C:\Users\lucam\.m2\repository\org\apache\maven\doxia\doxia-core\1.11.1\doxia-core-1.11.1.jar;C:\Users\lucam\.m2\repository\org\apache\maven\doxia\doxia-decoration-model\1.11.1\doxia-decoration-model-1.11.1.jar;C:\Users\lucam\.m2\repository\org\apache\maven\doxia\doxia-skin-model\1.11.1\doxia-skin-model-1.11.1.jar;C:\Users\lucam\.m2\repository\org\apache\maven\doxia\doxia-module-xhtml\1.11.1\doxia-module-xhtml-1.11.1.jar;C:\Users\lucam\.m2\repository\org\apache\maven\doxia\doxia-module-xhtml5\1.11.1\doxia-module-xhtml5-1.11.1.jar;C:\Users\lucam\.m2\repository\org\codehaus\plexus\plexus-i18n\1.0-beta-10\plexus-i18n-1.0-beta-10.jar;C:\Users\lucam\.m2\repository\org\codehaus\plexus\plexus-container-default\1.0-alpha-30\plexus-container-default-1.0-alpha-30.jar;C:\Users\lucam\.m2\repository\junit\junit\4.13.2\junit-4.13.2.jar;C:\Users\lucam\.m2\repository\org\hamcrest\hamcrest-core\2.2\hamcrest-core-2.2.jar;C:\Users\lucam\.m2\repository\org\codehaus\plexus\plexus-velocity\1.2\plexus-velocity-1.2.jar;C:\Users\lucam\.m2\repository\org\apache\velocity\velocity\1.7\velocity-1.7.jar;C:\Users\lucam\.m2\repository\commons-lang\commons-lang\2.4\commons-lang-2.4.jar;C:\Users\lucam\.m2\repository\org\apache\velocity\velocity-tools\2.0\velocity-tools-2.0.jar;C:\Users\lucam\.m2\repository\commons-beanutils\commons-beanutils\1.7.0\commons-beanutils-1.7.0.jar;C:\Users\lucam\.m2\repository\commons-digester\commons-digester\1.8\commons-digester-1.8.jar;C:\Users\lucam\.m2\repository\commons-chain\commons-chain\1.1\commons-chain-1.1.jar;C:\Users\lucam\.m2\repository\dom4j\dom4j\1.1\dom4j-1.1.jar;C:\Users\lucam\.m2\repository\oro\oro\2.0.8\oro-2.0.8.jar;C:\Users\lucam\.m2\repository\commons-collections\commons-collections\3.2.2\commons-collections-3.2.2.jar;C:\Users\lucam\.m2\repository\org\apache\maven\wagon\wagon-provider-api\2.4\wagon-provider-api-2.4.jar;C:\Users\lucam\.m2\repository\org\apache\commons\commons-lang3\3.14.0\commons-lang3-3.14.0.jar;C:\Users\lucam\.m2\repository\org\apache\commons\commons-text\1.9\commons-text-1.9.jar;C:\Users\lucam\.m2\repository\org\apache\httpcomponents\httpcore\4.4.16\httpcore-4.4.16.jar;C:\Users\lucam\.m2\repository\com\thoughtworks\qdox\qdox\2.0.1\qdox-2.0.1.jar;C:\Users\lucam\.m2\repository\org\codehaus\plexus\plexus-java\1.1.0\plexus-java-1.1.0.jar;C:\Users\lucam\.m2\repository\org\codehaus\plexus\plexus-archiver\4.2.6\plexus-archiver-4.2.6.jar;C:\Users\lucam\.m2\repository\org\apache\commons\commons-compress\1.21\commons-compress-1.21.jar;C:\Users\lucam\.m2\repository\org\iq80\snappy\snappy\0.4\snappy-0.4.jar;C:\Users\lucam\.m2\repository\org\tukaani\xz\1.9\xz-1.9.jar;C:\Users\lucam\.m2\repository\org\codehaus\plexus\plexus-io\3.2.0\plexus-io-3.2.0.jar;C:\Users\lucam\.m2\repository\org\codehaus\plexus\plexus-utils\3.3.0\plexus-utils-3.3.0.jar;C:\Users\lucam\.m2\repository\commons-io\commons-io\2.11.0\commons-io-2.11.0.jar;C:\Users\lucam\.m2\repository\org\codehaus\plexus\plexus-interactivity-api\1.1\plexus-interactivity-api-1.1.jar;C:\Users\lucam\.m2\repository\org\apache\httpcomponents\httpclient\4.5.13\httpclient-4.5.13.jar;C:\Users\lucam\.m2\repository\commons-logging\commons-logging\1.2\commons-logging-1.2.jar;C:\Users\lucam\.m2\repository\commons-codec\commons-codec\1.16.1\commons-codec-1.16.1.jar;C:\Users\lucam\.m2\repository\com\google\code\gson\gson\2.10.1\gson-2.10.1.jar;C:\Users\lucam\.m2\repository\org\springframework\boot\spring-boot-starter-websocket\3.3.5\spring-boot-starter-websocket-3.3.5.jar;C:\Users\lucam\.m2\repository\org\springframework\spring-messaging\6.1.14\spring-messaging-6.1.14.jar;C:\Users\lucam\.m2\repository\org\springframework\spring-websocket\6.1.14\spring-websocket-6.1.14.jar;C:\Users\lucam\.m2\repository\org\mindrot\jbcrypt\0.4\jbcrypt-0.4.jar;C:\Users\lucam\.m2\repository\io\github\cdimascio\java-dotenv\5.2.2\java-dotenv-5.2.2.jar;C:\Users\lucam\.m2\repository\org\jetbrains\kotlin\kotlin-stdlib\1.9.25\kotlin-stdlib-1.9.25.jar;C:\Users\lucam\.m2\repository\org\jetbrains\annotations\13.0\annotations-13.0.jar;"/>
    <property name="java.vm.vendor" value="Oracle Corporation"/>
    <property name="sun.arch.data.model" value="64"/>
    <property name="user.variant" value=""/>
    <property name="java.vendor.url" value="https://java.oracle.com/"/>
    <property name="user.timezone" value="America/Buenos_Aires"/>
    <property name="org.jboss.logging.provider" value="slf4j"/>
    <property name="os.name" value="Windows 11"/>
    <property name="java.vm.specification.version" value="21"/>
    <property name="sun.java.launcher" value="SUN_STANDARD"/>
    <property name="user.country" value="AR"/>
    <property name="sun.boot.library.path" value="C:\Program Files\Java\jdk-21\bin"/>
    <property name="sun.java.command" value="C:\Users\lucam\AppData\Local\Temp\surefire15452363839532946685\surefirebooter-20250307080758168_3.jar C:\Users\lucam\AppData\Local\Temp\surefire15452363839532946685 2025-03-07T08-07-58_047-jvmRun1 surefire-20250307080758168_1tmp surefire_0-20250307080758168_2tmp"/>
    <property name="jdk.debug" value="release"/>
    <property name="surefire.test.class.path" value="C:\Users\lucam\OneDrive\Documentos\Lucas\Proyecto-web\AirMont\AirMontBackend\airmont\target\test-classes;C:\Users\lucam\OneDrive\Documentos\Lucas\Proyecto-web\AirMont\AirMontBackend\airmont\target\classes;C:\Users\lucam\.m2\repository\org\springframework\boot\spring-boot-starter-data-jdbc\3.3.5\spring-boot-starter-data-jdbc-3.3.5.jar;C:\Users\lucam\.m2\repository\org\springframework\boot\spring-boot-starter-jdbc\3.3.5\spring-boot-starter-jdbc-3.3.5.jar;C:\Users\lucam\.m2\repository\com\zaxxer\HikariCP\5.1.0\HikariCP-5.1.0.jar;C:\Users\lucam\.m2\repository\org\springframework\spring-jdbc\6.1.14\spring-jdbc-6.1.14.jar;C:\Users\lucam\.m2\repository\org\springframework\data\spring-data-jdbc\3.3.5\spring-data-jdbc-3.3.5.jar;C:\Users\lucam\.m2\repository\org\springframework\data\spring-data-relational\3.3.5\spring-data-relational-3.3.5.jar;C:\Users\lucam\.m2\repository\org\springframework\data\spring-data-commons\3.3.5\spring-data-commons-3.3.5.jar;C:\Users\lucam\.m2\repository\org\springframework\spring-tx\6.1.14\spring-tx-6.1.14.jar;C:\Users\lucam\.m2\repository\org\springframework\spring-context\6.1.14\spring-context-6.1.14.jar;C:\Users\lucam\.m2\repository\org\springframework\spring-beans\6.1.14\spring-beans-6.1.14.jar;C:\Users\lucam\.m2\repository\org\slf4j\slf4j-api\2.0.16\slf4j-api-2.0.16.jar;C:\Users\lucam\.m2\repository\org\springframework\boot\spring-boot-starter-data-jpa\3.3.5\spring-boot-starter-data-jpa-3.3.5.jar;C:\Users\lucam\.m2\repository\org\springframework\boot\spring-boot-starter-aop\3.3.5\spring-boot-starter-aop-3.3.5.jar;C:\Users\lucam\.m2\repository\org\springframework\spring-aop\6.1.14\spring-aop-6.1.14.jar;C:\Users\lucam\.m2\repository\org\aspectj\aspectjweaver\1.9.22.1\aspectjweaver-1.9.22.1.jar;C:\Users\lucam\.m2\repository\org\hibernate\orm\hibernate-core\6.5.3.Final\hibernate-core-6.5.3.Final.jar;C:\Users\lucam\.m2\repository\jakarta\persistence\jakarta.persistence-api\3.1.0\jakarta.persistence-api-3.1.0.jar;C:\Users\lucam\.m2\repository\jakarta\transaction\jakarta.transaction-api\2.0.1\jakarta.transaction-api-2.0.1.jar;C:\Users\lucam\.m2\repository\org\jboss\logging\jboss-logging\3.5.3.Final\jboss-logging-3.5.3.Final.jar;C:\Users\lucam\.m2\repository\org\hibernate\common\hibernate-commons-annotations\6.0.6.Final\hibernate-commons-annotations-6.0.6.Final.jar;C:\Users\lucam\.m2\repository\io\smallrye\jandex\3.1.2\jandex-3.1.2.jar;C:\Users\lucam\.m2\repository\com\fasterxml\classmate\1.7.0\classmate-1.7.0.jar;C:\Users\lucam\.m2\repository\net\bytebuddy\byte-buddy\1.14.19\byte-buddy-1.14.19.jar;C:\Users\lucam\.m2\repository\org\glassfish\jaxb\jaxb-runtime\4.0.5\jaxb-runtime-4.0.5.jar;C:\Users\lucam\.m2\repository\org\glassfish\jaxb\jaxb-core\4.0.5\jaxb-core-4.0.5.jar;C:\Users\lucam\.m2\repository\org\eclipse\angus\angus-activation\2.0.2\angus-activation-2.0.2.jar;C:\Users\lucam\.m2\repository\org\glassfish\jaxb\txw2\4.0.5\txw2-4.0.5.jar;C:\Users\lucam\.m2\repository\com\sun\istack\istack-commons-runtime\4.1.2\istack-commons-runtime-4.1.2.jar;C:\Users\lucam\.m2\repository\jakarta\inject\jakarta.inject-api\2.0.1\jakarta.inject-api-2.0.1.jar;C:\Users\lucam\.m2\repository\org\antlr\antlr4-runtime\4.13.0\antlr4-runtime-4.13.0.jar;C:\Users\lucam\.m2\repository\org\springframework\data\spring-data-jpa\3.3.5\spring-data-jpa-3.3.5.jar;C:\Users\lucam\.m2\repository\org\springframework\spring-orm\6.1.14\spring-orm-6.1.14.jar;C:\Users\lucam\.m2\repository\jakarta\annotation\jakarta.annotation-api\2.1.1\jakarta.annotation-api-2.1.1.jar;C:\Users\lucam\.m2\repository\org\springframework\spring-aspects\6.1.14\spring-aspects-6.1.14.jar;C:\Users\lucam\.m2\repository\org\springframework\boot\spring-boot-starter-web\3.3.5\spring-boot-starter-web-3.3.5.jar;C:\Users\lucam\.m2\repository\org\springframework\boot\spring-boot-starter\3.3.5\spring-boot-starter-3.3.5.jar;C:\Users\lucam\.m2\repository\org\springframework\boot\spring-boot\3.3.5\spring-boot-3.3.5.jar;C:\Users\lucam\.m2\repository\org\springframework\boot\spring-boot-autoconfigure\3.3.5\spring-boot-autoconfigure-3.3.5.jar;C:\Users\lucam\.m2\repository\org\springframework\boot\spring-boot-starter-logging\3.3.5\spring-boot-starter-logging-3.3.5.jar;C:\Users\lucam\.m2\repository\ch\qos\logback\logback-classic\1.5.11\logback-classic-1.5.11.jar;C:\Users\lucam\.m2\repository\ch\qos\logback\logback-core\1.5.11\logback-core-1.5.11.jar;C:\Users\lucam\.m2\repository\org\apache\logging\log4j\log4j-to-slf4j\2.23.1\log4j-to-slf4j-2.23.1.jar;C:\Users\lucam\.m2\repository\org\apache\logging\log4j\log4j-api\2.23.1\log4j-api-2.23.1.jar;C:\Users\lucam\.m2\repository\org\slf4j\jul-to-slf4j\2.0.16\jul-to-slf4j-2.0.16.jar;C:\Users\lucam\.m2\repository\org\yaml\snakeyaml\2.2\snakeyaml-2.2.jar;C:\Users\lucam\.m2\repository\org\springframework\boot\spring-boot-starter-json\3.3.5\spring-boot-starter-json-3.3.5.jar;C:\Users\lucam\.m2\repository\com\fasterxml\jackson\core\jackson-databind\2.17.2\jackson-databind-2.17.2.jar;C:\Users\lucam\.m2\repository\com\fasterxml\jackson\core\jackson-annotations\2.17.2\jackson-annotations-2.17.2.jar;C:\Users\lucam\.m2\repository\com\fasterxml\jackson\core\jackson-core\2.17.2\jackson-core-2.17.2.jar;C:\Users\lucam\.m2\repository\com\fasterxml\jackson\datatype\jackson-datatype-jdk8\2.17.2\jackson-datatype-jdk8-2.17.2.jar;C:\Users\lucam\.m2\repository\com\fasterxml\jackson\datatype\jackson-datatype-jsr310\2.17.2\jackson-datatype-jsr310-2.17.2.jar;C:\Users\lucam\.m2\repository\com\fasterxml\jackson\module\jackson-module-parameter-names\2.17.2\jackson-module-parameter-names-2.17.2.jar;C:\Users\lucam\.m2\repository\org\springframework\boot\spring-boot-starter-tomcat\3.3.5\spring-boot-starter-tomcat-3.3.5.jar;C:\Users\lucam\.m2\repository\org\apache\tomcat\embed\tomcat-embed-core\10.1.31\tomcat-embed-core-10.1.31.jar;C:\Users\lucam\.m2\repository\org\apache\tomcat\embed\tomcat-embed-el\10.1.31\tomcat-embed-el-10.1.31.jar;C:\Users\lucam\.m2\repository\org\apache\tomcat\embed\tomcat-embed-websocket\10.1.31\tomcat-embed-websocket-10.1.31.jar;C:\Users\lucam\.m2\repository\org\springframework\spring-web\6.1.14\spring-web-6.1.14.jar;C:\Users\lucam\.m2\repository\io\micrometer\micrometer-observation\1.13.6\micrometer-observation-1.13.6.jar;C:\Users\lucam\.m2\repository\io\micrometer\micrometer-commons\1.13.6\micrometer-commons-1.13.6.jar;C:\Users\lucam\.m2\repository\org\springframework\spring-webmvc\6.1.14\spring-webmvc-6.1.14.jar;C:\Users\lucam\.m2\repository\org\springframework\spring-expression\6.1.14\spring-expression-6.1.14.jar;C:\Users\lucam\.m2\repository\org\springframework\boot\spring-boot-starter-test\3.3.5\spring-boot-starter-test-3.3.5.jar;C:\Users\lucam\.m2\repository\org\springframework\boot\spring-boot-test\3.3.5\spring-boot-test-3.3.5.jar;C:\Users\lucam\.m2\repository\org\springframework\boot\spring-boot-test-autoconfigure\3.3.5\spring-boot-test-autoconfigure-3.3.5.jar;C:\Users\lucam\.m2\repository\com\jayway\jsonpath\json-path\2.9.0\json-path-2.9.0.jar;C:\Users\lucam\.m2\repository\jakarta\xml\bind\jakarta.xml.bind-api\4.0.2\jakarta.xml.bind-api-4.0.2.jar;C:\Users\lucam\.m2\repository\jakarta\activation\jakarta.activation-api\2.1.3\jakarta.activation-api-2.1.3.jar;C:\Users\lucam\.m2\repository\net\minidev\json-smart\2.5.1\json-smart-2.5.1.jar;C:\Users\lucam\.m2\repository\net\minidev\accessors-smart\2.5.1\accessors-smart-2.5.1.jar;C:\Users\lucam\.m2\repository\org\ow2\asm\asm\9.6\asm-9.6.jar;C:\Users\lucam\.m2\repository\org\assertj\assertj-core\3.25.3\assertj-core-3.25.3.jar;C:\Users\lucam\.m2\repository\org\awaitility\awaitility\4.2.2\awaitility-4.2.2.jar;C:\Users\lucam\.m2\repository\org\hamcrest\hamcrest\2.2\hamcrest-2.2.jar;C:\Users\lucam\.m2\repository\org\junit\jupiter\junit-jupiter\5.10.5\junit-jupiter-5.10.5.jar;C:\Users\lucam\.m2\repository\org\junit\jupiter\junit-jupiter-api\5.10.5\junit-jupiter-api-5.10.5.jar;C:\Users\lucam\.m2\repository\org\opentest4j\opentest4j\1.3.0\opentest4j-1.3.0.jar;C:\Users\lucam\.m2\repository\org\junit\platform\junit-platform-commons\1.10.5\junit-platform-commons-1.10.5.jar;C:\Users\lucam\.m2\repository\org\apiguardian\apiguardian-api\1.1.2\apiguardian-api-1.1.2.jar;C:\Users\lucam\.m2\repository\org\junit\jupiter\junit-jupiter-params\5.10.5\junit-jupiter-params-5.10.5.jar;C:\Users\lucam\.m2\repository\org\junit\jupiter\junit-jupiter-engine\5.10.5\junit-jupiter-engine-5.10.5.jar;C:\Users\lucam\.m2\repository\org\junit\platform\junit-platform-engine\1.10.5\junit-platform-engine-1.10.5.jar;C:\Users\lucam\.m2\repository\org\mockito\mockito-core\5.11.0\mockito-core-5.11.0.jar;C:\Users\lucam\.m2\repository\net\bytebuddy\byte-buddy-agent\1.14.19\byte-buddy-agent-1.14.19.jar;C:\Users\lucam\.m2\repository\org\objenesis\objenesis\3.3\objenesis-3.3.jar;C:\Users\lucam\.m2\repository\org\mockito\mockito-junit-jupiter\5.11.0\mockito-junit-jupiter-5.11.0.jar;C:\Users\lucam\.m2\repository\org\skyscreamer\jsonassert\1.5.3\jsonassert-1.5.3.jar;C:\Users\lucam\.m2\repository\com\vaadin\external\google\android-json\0.0.20131108.vaadin1\android-json-0.0.20131108.vaadin1.jar;C:\Users\lucam\.m2\repository\org\springframework\spring-core\6.1.14\spring-core-6.1.14.jar;C:\Users\lucam\.m2\repository\org\springframework\spring-jcl\6.1.14\spring-jcl-6.1.14.jar;C:\Users\lucam\.m2\repository\org\springframework\spring-test\6.1.14\spring-test-6.1.14.jar;C:\Users\lucam\.m2\repository\org\xmlunit\xmlunit-core\2.9.1\xmlunit-core-2.9.1.jar;C:\Users\lucam\.m2\repository\com\mysql\mysql-connector-j\8.0.33\mysql-connector-j-8.0.33.jar;C:\Users\lucam\.m2\repository\org\springdoc\springdoc-openapi-starter-webmvc-ui\2.4.0\springdoc-openapi-starter-webmvc-ui-2.4.0.jar;C:\Users\lucam\.m2\repository\org\springdoc\springdoc-openapi-starter-webmvc-api\2.4.0\springdoc-openapi-starter-webmvc-api-2.4.0.jar;C:\Users\lucam\.m2\repository\org\springdoc\springdoc-openapi-starter-common\2.4.0\springdoc-openapi-starter-common-2.4.0.jar;C:\Users\lucam\.m2\repository\io\swagger\core\v3\swagger-core-jakarta\2.2.20\swagger-core-jakarta-2.2.20.jar;C:\Users\lucam\.m2\repository\io\swagger\core\v3\swagger-annotations-jakarta\2.2.20\swagger-annotations-jakarta-2.2.20.jar;C:\Users\lucam\.m2\repository\io\swagger\core\v3\swagger-models-jakarta\2.2.20\swagger-models-jakarta-2.2.20.jar;C:\Users\lucam\.m2\repository\jakarta\validation\jakarta.validation-api\3.0.2\jakarta.validation-api-3.0.2.jar;C:\Users\lucam\.m2\repository\com\fasterxml\jackson\dataformat\jackson-dataformat-yaml\2.17.2\jackson-dataformat-yaml-2.17.2.jar;C:\Users\lucam\.m2\repository\org\webjars\swagger-ui\5.11.8\swagger-ui-5.11.8.jar;C:\Users\lucam\.m2\repository\com\mercadopago\sdk-java\2.1.7\sdk-java-2.1.7.jar;C:\Users\lucam\.m2\repository\org\apache\maven\plugins\maven-javadoc-plugin\3.3.2\maven-javadoc-plugin-3.3.2.jar;C:\Users\lucam\.m2\repository\org\apache\maven\maven-core\3.0\maven-core-3.0.jar;C:\Users\lucam\.m2\repository\org\apache\maven\maven-settings-builder\3.0\maven-settings-builder-3.0.jar;C:\Users\lucam\.m2\repository\org\apache\maven\maven-repository-metadata\3.0\maven-repository-metadata-3.0.jar;C:\Users\lucam\.m2\repository\org\apache\maven\maven-model-builder\3.0\maven-model-builder-3.0.jar;C:\Users\lucam\.m2\repository\org\apache\maven\maven-aether-provider\3.0\maven-aether-provider-3.0.jar;C:\Users\lucam\.m2\repository\org\sonatype\aether\aether-impl\1.7\aether-impl-1.7.jar;C:\Users\lucam\.m2\repository\org\sonatype\aether\aether-spi\1.7\aether-spi-1.7.jar;C:\Users\lucam\.m2\repository\org\sonatype\aether\aether-api\1.7\aether-api-1.7.jar;C:\Users\lucam\.m2\repository\org\sonatype\aether\aether-util\1.7\aether-util-1.7.jar;C:\Users\lucam\.m2\repository\org\sonatype\sisu\sisu-inject-plexus\1.4.2\sisu-inject-plexus-1.4.2.jar;C:\Users\lucam\.m2\repository\org\sonatype\sisu\sisu-inject-bean\1.4.2\sisu-inject-bean-1.4.2.jar;C:\Users\lucam\.m2\repository\org\sonatype\sisu\sisu-guice\2.1.7\sisu-guice-2.1.7-noaop.jar;C:\Users\lucam\.m2\repository\org\codehaus\plexus\plexus-interpolation\1.14\plexus-interpolation-1.14.jar;C:\Users\lucam\.m2\repository\org\codehaus\plexus\plexus-classworlds\2.2.3\plexus-classworlds-2.2.3.jar;C:\Users\lucam\.m2\repository\org\codehaus\plexus\plexus-component-annotations\1.5.5\plexus-component-annotations-1.5.5.jar;C:\Users\lucam\.m2\repository\org\sonatype\plexus\plexus-sec-dispatcher\1.3\plexus-sec-dispatcher-1.3.jar;C:\Users\lucam\.m2\repository\org\sonatype\plexus\plexus-cipher\1.4\plexus-cipher-1.4.jar;C:\Users\lucam\.m2\repository\org\apache\maven\maven-model\3.0\maven-model-3.0.jar;C:\Users\lucam\.m2\repository\org\apache\maven\maven-settings\3.0\maven-settings-3.0.jar;C:\Users\lucam\.m2\repository\org\apache\maven\maven-plugin-api\3.0\maven-plugin-api-3.0.jar;C:\Users\lucam\.m2\repository\org\apache\maven\maven-artifact\3.0\maven-artifact-3.0.jar;C:\Users\lucam\.m2\repository\org\apache\maven\reporting\maven-reporting-api\3.1.0\maven-reporting-api-3.1.0.jar;C:\Users\lucam\.m2\repository\org\apache\maven\maven-archiver\3.5.1\maven-archiver-3.5.1.jar;C:\Users\lucam\.m2\repository\org\apache\maven\shared\maven-shared-utils\3.3.3\maven-shared-utils-3.3.3.jar;C:\Users\lucam\.m2\repository\org\apache\maven\shared\maven-invoker\3.1.0\maven-invoker-3.1.0.jar;C:\Users\lucam\.m2\repository\javax\inject\javax.inject\1\javax.inject-1.jar;C:\Users\lucam\.m2\repository\org\apache\maven\shared\maven-common-artifact-filters\3.1.1\maven-common-artifact-filters-3.1.1.jar;C:\Users\lucam\.m2\repository\org\apache\maven\shared\maven-artifact-transfer\0.13.1\maven-artifact-transfer-0.13.1.jar;C:\Users\lucam\.m2\repository\org\apache\maven\doxia\doxia-sink-api\1.11.1\doxia-sink-api-1.11.1.jar;C:\Users\lucam\.m2\repository\org\apache\maven\doxia\doxia-logging-api\1.11.1\doxia-logging-api-1.11.1.jar;C:\Users\lucam\.m2\repository\org\apache\maven\doxia\doxia-site-renderer\1.11.1\doxia-site-renderer-1.11.1.jar;C:\Users\lucam\.m2\repository\org\apache\maven\doxia\doxia-core\1.11.1\doxia-core-1.11.1.jar;C:\Users\lucam\.m2\repository\org\apache\maven\doxia\doxia-decoration-model\1.11.1\doxia-decoration-model-1.11.1.jar;C:\Users\lucam\.m2\repository\org\apache\maven\doxia\doxia-skin-model\1.11.1\doxia-skin-model-1.11.1.jar;C:\Users\lucam\.m2\repository\org\apache\maven\doxia\doxia-module-xhtml\1.11.1\doxia-module-xhtml-1.11.1.jar;C:\Users\lucam\.m2\repository\org\apache\maven\doxia\doxia-module-xhtml5\1.11.1\doxia-module-xhtml5-1.11.1.jar;C:\Users\lucam\.m2\repository\org\codehaus\plexus\plexus-i18n\1.0-beta-10\plexus-i18n-1.0-beta-10.jar;C:\Users\lucam\.m2\repository\org\codehaus\plexus\plexus-container-default\1.0-alpha-30\plexus-container-default-1.0-alpha-30.jar;C:\Users\lucam\.m2\repository\junit\junit\4.13.2\junit-4.13.2.jar;C:\Users\lucam\.m2\repository\org\hamcrest\hamcrest-core\2.2\hamcrest-core-2.2.jar;C:\Users\lucam\.m2\repository\org\codehaus\plexus\plexus-velocity\1.2\plexus-velocity-1.2.jar;C:\Users\lucam\.m2\repository\org\apache\velocity\velocity\1.7\velocity-1.7.jar;C:\Users\lucam\.m2\repository\commons-lang\commons-lang\2.4\commons-lang-2.4.jar;C:\Users\lucam\.m2\repository\org\apache\velocity\velocity-tools\2.0\velocity-tools-2.0.jar;C:\Users\lucam\.m2\repository\commons-beanutils\commons-beanutils\1.7.0\commons-beanutils-1.7.0.jar;C:\Users\lucam\.m2\repository\commons-digester\commons-digester\1.8\commons-digester-1.8.jar;C:\Users\lucam\.m2\repository\commons-chain\commons-chain\1.1\commons-chain-1.1.jar;C:\Users\lucam\.m2\repository\dom4j\dom4j\1.1\dom4j-1.1.jar;C:\Users\lucam\.m2\repository\oro\oro\2.0.8\oro-2.0.8.jar;C:\Users\lucam\.m2\repository\commons-collections\commons-collections\3.2.2\commons-collections-3.2.2.jar;C:\Users\lucam\.m2\repository\org\apache\maven\wagon\wagon-provider-api\2.4\wagon-provider-api-2.4.jar;C:\Users\lucam\.m2\repository\org\apache\commons\commons-lang3\3.14.0\commons-lang3-3.14.0.jar;C:\Users\lucam\.m2\repository\org\apache\commons\commons-text\1.9\commons-text-1.9.jar;C:\Users\lucam\.m2\repository\org\apache\httpcomponents\httpcore\4.4.16\httpcore-4.4.16.jar;C:\Users\lucam\.m2\repository\com\thoughtworks\qdox\qdox\2.0.1\qdox-2.0.1.jar;C:\Users\lucam\.m2\repository\org\codehaus\plexus\plexus-java\1.1.0\plexus-java-1.1.0.jar;C:\Users\lucam\.m2\repository\org\codehaus\plexus\plexus-archiver\4.2.6\plexus-archiver-4.2.6.jar;C:\Users\lucam\.m2\repository\org\apache\commons\commons-compress\1.21\commons-compress-1.21.jar;C:\Users\lucam\.m2\repository\org\iq80\snappy\snappy\0.4\snappy-0.4.jar;C:\Users\lucam\.m2\repository\org\tukaani\xz\1.9\xz-1.9.jar;C:\Users\lucam\.m2\repository\org\codehaus\plexus\plexus-io\3.2.0\plexus-io-3.2.0.jar;C:\Users\lucam\.m2\repository\org\codehaus\plexus\plexus-utils\3.3.0\plexus-utils-3.3.0.jar;C:\Users\lucam\.m2\repository\commons-io\commons-io\2.11.0\commons-io-2.11.0.jar;C:\Users\lucam\.m2\repository\org\codehaus\plexus\plexus-interactivity-api\1.1\plexus-interactivity-api-1.1.jar;C:\Users\lucam\.m2\repository\org\apache\httpcomponents\httpclient\4.5.13\httpclient-4.5.13.jar;C:\Users\lucam\.m2\repository\commons-logging\commons-logging\1.2\commons-logging-1.2.jar;C:\Users\lucam\.m2\repository\commons-codec\commons-codec\1.16.1\commons-codec-1.16.1.jar;C:\Users\lucam\.m2\repository\com\google\code\gson\gson\2.10.1\gson-2.10.1.jar;C:\Users\lucam\.m2\repository\org\springframework\boot\spring-boot-starter-websocket\3.3.5\spring-boot-starter-websocket-3.3.5.jar;C:\Users\lucam\.m2\repository\org\springframework\spring-messaging\6.1.14\spring-messaging-6.1.14.jar;C:\Users\lucam\.m2\repository\org\springframework\spring-websocket\6.1.14\spring-websocket-6.1.14.jar;C:\Users\lucam\.m2\repository\org\mindrot\jbcrypt\0.4\jbcrypt-0.4.jar;C:\Users\lucam\.m2\repository\io\github\cdimascio\java-dotenv\5.2.2\java-dotenv-5.2.2.jar;C:\Users\lucam\.m2\repository\org\jetbrains\kotlin\kotlin-stdlib\1.9.25\kotlin-stdlib-1.9.25.jar;C:\Users\lucam\.m2\repository\org\jetbrains\annotations\13.0\annotations-13.0.jar;"/>
    <property name="sun.cpu.endian" value="little"/>
    <property name="user.home" value="C:\Users\lucam"/>
    <property name="user.language" value="es"/>
    <property name="java.specification.vendor" value="Oracle Corporation"/>
    <property name="java.version.date" value="2024-01-16"/>
    <property name="java.home" value="C:\Program Files\Java\jdk-21"/>
    <property name="file.separator" value="\"/>
    <property name="basedir" value="C:\Users\lucam\OneDrive\Documentos\Lucas\Proyecto-web\AirMont\AirMontBackend\airmont"/>
    <property name="style.color" value="always"/>
    <property name="java.vm.compressedOopsMode" value="Zero based"/>
    <property name="line.separator" value="&#10;"/>
    <property name="java.vm.specification.vendor" value="Oracle Corporation"/>
    <property name="java.specification.name" value="Java Platform API Specification"/>
    <property name="FILE_LOG_CHARSET" value="UTF-8"/>
    <property name="java.awt.headless" value="true"/>
    <property name="surefire.real.class.path" value="C:\Users\lucam\AppData\Local\Temp\surefire15452363839532946685\surefirebooter-20250307080758168_3.jar"/>
    <property name="user.script" value=""/>
    <property name="sun.management.compiler" value="HotSpot 64-Bit Tiered Compilers"/>
    <property name="java.runtime.version" value="21.0.2+13-LTS-58"/>
    <property name="user.name" value="lucam"/>
    <property name="stdout.encoding" value="Cp1252"/>
    <property name="path.separator" value=";"/>
    <property name="os.version" value="10.0"/>
    <property name="java.runtime.name" value="Java(TM) SE Runtime Environment"/>
    <property name="file.encoding" value="UTF-8"/>
    <property name="java.vm.name" value="Java HotSpot(TM) 64-Bit Server VM"/>
    <property name="localRepository" value="C:\Users\lucam\.m2\repository"/>
    <property name="java.vendor.url.bug" value="https://bugreport.java.com/bugreport/"/>
    <property name="java.io.tmpdir" value="C:\Users\lucam\AppData\Local\Temp\"/>
    <property name="com.zaxxer.hikari.pool_number" value="1"/>
    <property name="java.version" value="21.0.2"/>
    <property name="user.dir" value="C:\Users\lucam\OneDrive\Documentos\Lucas\Proyecto-web\AirMont\AirMontBackend\airmont"/>
    <property name="os.arch" value="amd64"/>
    <property name="java.vm.specification.name" value="Java Virtual Machine Specification"/>
    <property name="PID" value="34280"/>
    <property name="sun.os.patch.level" value=""/>
    <property name="CONSOLE_LOG_CHARSET" value="UTF-8"/>
    <property name="native.encoding" value="Cp1252"/>
    <property name="java.library.path" value="C:\Program Files\Java\jdk-21\bin;C:\WINDOWS\Sun\Java\bin;C:\WINDOWS\system32;C:\WINDOWS;C:/Spring-Tools4/sts-4.22.0.RELEASE//plugins/org.eclipse.justj.openjdk.hotspot.jre.full.win32.x86_64_17.0.10.v20240120-1143/jre/bin/server;C:/Spring-Tools4/sts-4.22.0.RELEASE//plugins/org.eclipse.justj.openjdk.hotspot.jre.full.win32.x86_64_17.0.10.v20240120-1143/jre/bin;C:\Program Files\Common Files\Oracle\Java\javapath;C:\Program Files (x86)\Common Files\Oracle\Java\javapath;C:\Windows\system32;C:\Windows;C:\Windows\System32\Wbem;C:\Windows\System32\WindowsPowerShell\v1.0\;C:\Windows\System32\OpenSSH\;C:\Program Files (x86)\NVIDIA Corporation\PhysX\Common;C:\WINDOWS\system32;C:\WINDOWS;C:\WINDOWS\System32\Wbem;C:\WINDOWS\System32\WindowsPowerShell\v1.0\;C:\WINDOWS\System32\OpenSSH\;C:\Program Files\NVIDIA Corporation\NVIDIA NvDLISR;C:\WINDOWS\system32;C:\WINDOWS;C:\WINDOWS\System32\Wbem;C:\WINDOWS\System32\WindowsPowerShell\v1.0\;C:\WINDOWS\System32\OpenSSH\;C:\Program Files\Git\cmd;C:\Program Files (x86)\Java\jre1.8.0_361\bin;C:\Program Files\nodejs\;C:\Program Files\Docker\Docker\resources\bin;C:\Users\lucam\AppData\Local\Android\Sdk\tools;C:\Users\lucam\AppData\Local\jdk-19\bin;C:\Users\lucam\AppData\Local\Microsoft\WindowsApps;C:\Users\lucam\AppData\Local\Programs\Microsoft VS Code\bin;C:\Users\lucam\AppData\Roaming\npm;C:\Users\lucam\AppData\Local\Android\Sdk;C:\Users\lucam\AppData\Local\Android\Sdk\platform-tools;;C:\Spring-Tools4\sts-4.22.0.RELEASE;;."/>
    <property name="java.vm.info" value="mixed mode, sharing"/>
    <property name="stderr.encoding" value="Cp1252"/>
    <property name="java.vendor" value="Oracle Corporation"/>
    <property name="java.vm.version" value="21.0.2+13-LTS-58"/>
    <property name="sun.io.unicode.encoding" value="UnicodeLittle"/>
    <property name="java.class.version" value="65.0"/>
    <property name="LOGGED_APPLICATION_NAME" value="[airmont] "/>
  </properties>
  <testcase name="contextLoads" classname="com.airmont.AirmontApplicationTests" time="0.4">
    <system-out><![CDATA[08:07:58.950 [main] INFO org.springframework.test.context.support.AnnotationConfigContextLoaderUtils -- Could not detect default configuration classes for test class [com.airmont.AirmontApplicationTests]: AirmontApplicationTests does not declare any static, non-private, non-final, nested classes annotated with @Configuration.
08:07:59.050 [main] INFO org.springframework.boot.test.context.SpringBootTestContextBootstrapper -- Found @SpringBootConfiguration com.airmont.AirmontApplication for test class com.airmont.AirmontApplicationTests

  .   ____          _            __ _ _
 /\\ / ___'_ __ _ _(_)_ __  __ _ \ \ \ \
( ( )\___ | '_ | '_| | '_ \/ _` | \ \ \ \
 \\/  ___)| |_)| | | | | || (_| |  ) ) ) )
  '  |____| .__|_| |_|_| |_\__, | / / / /
 =========|_|==============|___/=/_/_/_/

 :: Spring Boot ::                (v3.3.5)

2025-03-07T08:07:59.448-03:00  INFO 34280 --- [airmont] [           main] com.airmont.AirmontApplicationTests      : Starting AirmontApplicationTests using Java 21.0.2 with PID 34280 (started by lucam in C:\Users\lucam\OneDrive\Documentos\Lucas\Proyecto-web\AirMont\AirMontBackend\airmont)
2025-03-07T08:07:59.449-03:00  INFO 34280 --- [airmont] [           main] com.airmont.AirmontApplicationTests      : No active profile set, falling back to 1 default profile: "default"
2025-03-07T08:08:00.287-03:00  INFO 34280 --- [airmont] [           main] .s.d.r.c.RepositoryConfigurationDelegate : Multiple Spring Data modules found, entering strict repository configuration mode
2025-03-07T08:08:00.288-03:00  INFO 34280 --- [airmont] [           main] .s.d.r.c.RepositoryConfigurationDelegate : Bootstrapping Spring Data JDBC repositories in DEFAULT mode.
2025-03-07T08:08:00.321-03:00  INFO 34280 --- [airmont] [           main] .RepositoryConfigurationExtensionSupport : Spring Data JDBC - Could not safely identify store assignment for repository candidate interface com.airmont.repositories.AdminUserRepository; If you want this repository to be a JDBC repository, consider annotating your entities with one of these annotations: org.springframework.data.relational.core.mapping.Table.
2025-03-07T08:08:00.323-03:00  INFO 34280 --- [airmont] [           main] .RepositoryConfigurationExtensionSupport : Spring Data JDBC - Could not safely identify store assignment for repository candidate interface com.airmont.repositories.CarouselTextRepository; If you want this repository to be a JDBC repository, consider annotating your entities with one of these annotations: org.springframework.data.relational.core.mapping.Table.
2025-03-07T08:08:00.325-03:00  INFO 34280 --- [airmont] [           main] .RepositoryConfigurationExtensionSupport : Spring Data JDBC - Could not safely identify store assignment for repository candidate interface com.airmont.repositories.CategoryRepository; If you want this repository to be a JDBC repository, consider annotating your entities with one of these annotations: org.springframework.data.relational.core.mapping.Table.
2025-03-07T08:08:00.328-03:00  INFO 34280 --- [airmont] [           main] .RepositoryConfigurationExtensionSupport : Spring Data JDBC - Could not safely identify store assignment for repository candidate interface com.airmont.repositories.ClientRepository; If you want this repository to be a JDBC repository, consider annotating your entities with one of these annotations: org.springframework.data.relational.core.mapping.Table.
2025-03-07T08:08:00.329-03:00  INFO 34280 --- [airmont] [           main] .RepositoryConfigurationExtensionSupport : Spring Data JDBC - Could not safely identify store assignment for repository candidate interface com.airmont.repositories.DiscountCodeRepository; If you want this repository to be a JDBC repository, consider annotating your entities with one of these annotations: org.springframework.data.relational.core.mapping.Table.
2025-03-07T08:08:00.332-03:00  INFO 34280 --- [airmont] [           main] .RepositoryConfigurationExtensionSupport : Spring Data JDBC - Could not safely identify store assignment for repository candidate interface com.airmont.repositories.ImageBannerCategoryRepository; If you want this repository to be a JDBC repository, consider annotating your entities with one of these annotations: org.springframework.data.relational.core.mapping.Table.
2025-03-07T08:08:00.332-03:00  INFO 34280 --- [airmont] [           main] .RepositoryConfigurationExtensionSupport : Spring Data JDBC - Could not safely identify store assignment for repository candidate interface com.airmont.repositories.ImageHeroRepository; If you want this repository to be a JDBC repository, consider annotating your entities with one of these annotations: org.springframework.data.relational.core.mapping.Table.
2025-03-07T08:08:00.334-03:00  INFO 34280 --- [airmont] [           main] .RepositoryConfigurationExtensionSupport : Spring Data JDBC - Could not safely identify store assignment for repository candidate interface com.airmont.repositories.MercadoPagoRepository; If you want this repository to be a JDBC repository, consider annotating your entities with one of these annotations: org.springframework.data.relational.core.mapping.Table.
2025-03-07T08:08:00.335-03:00  INFO 34280 --- [airmont] [           main] .RepositoryConfigurationExtensionSupport : Spring Data JDBC - Could not safely identify store assignment for repository candidate interface com.airmont.repositories.PaymentDiscountStoreRepository; If you want this repository to be a JDBC repository, consider annotating your entities with one of these annotations: org.springframework.data.relational.core.mapping.Table.
2025-03-07T08:08:00.336-03:00  INFO 34280 --- [airmont] [           main] .RepositoryConfigurationExtensionSupport : Spring Data JDBC - Could not safely identify store assignment for repository candidate interface com.airmont.repositories.PaymentSettingsRepository; If you want this repository to be a JDBC repository, consider annotating your entities with one of these annotations: org.springframework.data.relational.core.mapping.Table.
2025-03-07T08:08:00.339-03:00  INFO 34280 --- [airmont] [           main] .RepositoryConfigurationExtensionSupport : Spring Data JDBC - Could not safely identify store assignment for repository candidate interface com.airmont.repositories.ProductAvailabilityRepository; If you want this repository to be a JDBC repository, consider annotating your entities with one of these annotations: org.springframework.data.relational.core.mapping.Table.
2025-03-07T08:08:00.340-03:00  INFO 34280 --- [airmont] [           main] .RepositoryConfigurationExtensionSupport : Spring Data JDBC - Could not safely identify store assignment for repository candidate interface com.airmont.repositories.ProductRepository; If you want this repository to be a JDBC repository, consider annotating your entities with one of these annotations: org.springframework.data.relational.core.mapping.Table.
2025-03-07T08:08:00.342-03:00  INFO 34280 --- [airmont] [           main] .RepositoryConfigurationExtensionSupport : Spring Data JDBC - Could not safely identify store assignment for repository candidate interface com.airmont.repositories.ReservationCalendarRepository; If you want this repository to be a JDBC repository, consider annotating your entities with one of these annotations: org.springframework.data.relational.core.mapping.Table.
2025-03-07T08:08:00.344-03:00  INFO 34280 --- [airmont] [           main] .RepositoryConfigurationExtensionSupport : Spring Data JDBC - Could not safely identify store assignment for repository candidate interface com.airmont.repositories.SaleItemRepository; If you want this repository to be a JDBC repository, consider annotating your entities with one of these annotations: org.springframework.data.relational.core.mapping.Table.
2025-03-07T08:08:00.346-03:00  INFO 34280 --- [airmont] [           main] .RepositoryConfigurationExtensionSupport : Spring Data JDBC - Could not safely identify store assignment for repository candidate interface com.airmont.repositories.SaleWebRepository; If you want this repository to be a JDBC repository, consider annotating your entities with one of these annotations: org.springframework.data.relational.core.mapping.Table.
2025-03-07T08:08:00.349-03:00  INFO 34280 --- [airmont] [           main] .RepositoryConfigurationExtensionSupport : Spring Data JDBC - Could not safely identify store assignment for repository candidate interface com.airmont.repositories.SessionTokenRepository; If you want this repository to be a JDBC repository, consider annotating your entities with one of these annotations: org.springframework.data.relational.core.mapping.Table.
2025-03-07T08:08:00.351-03:00  INFO 34280 --- [airmont] [           main] .RepositoryConfigurationExtensionSupport : Spring Data JDBC - Could not safely identify store assignment for repository candidate interface com.airmont.repositories.StoreRepository; If you want this repository to be a JDBC repository, consider annotating your entities with one of these annotations: org.springframework.data.relational.core.mapping.Table.
2025-03-07T08:08:00.353-03:00  INFO 34280 --- [airmont] [           main] .RepositoryConfigurationExtensionSupport : Spring Data JDBC - Could not safely identify store assignment for repository candidate interface com.airmont.repositories.SubcategoryRepository; If you want this repository to be a JDBC repository, consider annotating your entities with one of these annotations: org.springframework.data.relational.core.mapping.Table.
2025-03-07T08:08:00.355-03:00  INFO 34280 --- [airmont] [           main] .RepositoryConfigurationExtensionSupport : Spring Data JDBC - Could not safely identify store assignment for repository candidate interface com.airmont.repositories.TemporarySaleRepository; If you want this repository to be a JDBC repository, consider annotating your entities with one of these annotations: org.springframework.data.relational.core.mapping.Table.
2025-03-07T08:08:00.356-03:00  INFO 34280 --- [airmont] [           main] .RepositoryConfigurationExtensionSupport : Spring Data JDBC - Could not safely identify store assignment for repository candidate interface com.airmont.repositories.VehicleRepository; If you want this repository to be a JDBC repository, consider annotating your entities with one of these annotations: org.springframework.data.relational.core.mapping.Table.
2025-03-07T08:08:00.357-03:00  INFO 34280 --- [airmont] [           main] .s.d.r.c.RepositoryConfigurationDelegate : Finished Spring Data repository scanning in 64 ms. Found 0 JDBC repository interfaces.
2025-03-07T08:08:00.375-03:00  INFO 34280 --- [airmont] [           main] .s.d.r.c.RepositoryConfigurationDelegate : Multiple Spring Data modules found, entering strict repository configuration mode
2025-03-07T08:08:00.376-03:00  INFO 34280 --- [airmont] [           main] .s.d.r.c.RepositoryConfigurationDelegate : Bootstrapping Spring Data JPA repositories in DEFAULT mode.
2025-03-07T08:08:00.436-03:00  INFO 34280 --- [airmont] [           main] .s.d.r.c.RepositoryConfigurationDelegate : Finished Spring Data repository scanning in 54 ms. Found 20 JPA repository interfaces.
2025-03-07T08:08:00.915-03:00  INFO 34280 --- [airmont] [           main] o.hibernate.jpa.internal.util.LogHelper  : HHH000204: Processing PersistenceUnitInfo [name: default]
2025-03-07T08:08:00.990-03:00  INFO 34280 --- [airmont] [           main] org.hibernate.Version                    : HHH000412: Hibernate ORM core version 6.5.3.Final
2025-03-07T08:08:01.032-03:00  INFO 34280 --- [airmont] [           main] o.h.c.internal.RegionFactoryInitiator    : HHH000026: Second-level cache disabled
2025-03-07T08:08:01.405-03:00  INFO 34280 --- [airmont] [           main] o.s.o.j.p.SpringPersistenceUnitInfo      : No LoadTimeWeaver setup: ignoring JPA class transformer
2025-03-07T08:08:01.445-03:00  INFO 34280 --- [airmont] [           main] com.zaxxer.hikari.HikariDataSource       : HikariPool-1 - Starting...
2025-03-07T08:08:01.769-03:00  INFO 34280 --- [airmont] [           main] com.zaxxer.hikari.pool.HikariPool        : HikariPool-1 - Added connection com.mysql.cj.jdbc.ConnectionImpl@591e5fd4
2025-03-07T08:08:01.771-03:00  INFO 34280 --- [airmont] [           main] com.zaxxer.hikari.HikariDataSource       : HikariPool-1 - Start completed.
2025-03-07T08:08:01.829-03:00  WARN 34280 --- [airmont] [           main] org.hibernate.orm.deprecation            : HHH90000025: MySQLDialect does not need to be specified explicitly using 'hibernate.dialect' (remove the property setting and it will be selected by default)
2025-03-07T08:08:03.046-03:00  INFO 34280 --- [airmont] [           main] o.h.e.t.j.p.i.JtaPlatformInitiator       : HHH000489: No JTA platform available (set 'hibernate.transaction.jta.platform' to enable JTA platform integration)
2025-03-07T08:08:03.345-03:00  INFO 34280 --- [airmont] [           main] j.LocalContainerEntityManagerFactoryBean : Initialized JPA EntityManagerFactory for persistence unit 'default'
2025-03-07T08:08:03.722-03:00  INFO 34280 --- [airmont] [           main] o.s.d.j.r.query.QueryEnhancerFactory     : Hibernate is in classpath; If applicable, HQL parser will be used.
2025-03-07T08:08:04.894-03:00  WARN 34280 --- [airmont] [           main] JpaBaseConfiguration$JpaWebConfiguration : spring.jpa.open-in-view is enabled by default. Therefore, database queries may be performed during view rendering. Explicitly configure spring.jpa.open-in-view to disable this warning
2025-03-07T08:08:05.542-03:00  INFO 34280 --- [airmont] [           main] o.s.m.s.b.SimpleBrokerMessageHandler     : Starting...
2025-03-07T08:08:05.544-03:00  INFO 34280 --- [airmont] [           main] o.s.m.s.b.SimpleBrokerMessageHandler     : BrokerAvailabilityEvent[available=true, SimpleBrokerMessageHandler [org.springframework.messaging.simp.broker.DefaultSubscriptionRegistry@10fa5a77]]
2025-03-07T08:08:05.544-03:00  INFO 34280 --- [airmont] [           main] o.s.m.s.b.SimpleBrokerMessageHandler     : Started.
2025-03-07T08:08:05.551-03:00  INFO 34280 --- [airmont] [           main] com.airmont.AirmontApplicationTests      : Started AirmontApplicationTests in 6.364 seconds (process running for 7.252)
]]></system-out>
    <system-err><![CDATA[WARNING: A Java agent has been loaded dynamically (C:\Users\lucam\.m2\repository\net\bytebuddy\byte-buddy-agent\1.14.19\byte-buddy-agent-1.14.19.jar)
WARNING: If a serviceability tool is in use, please run with -XX:+EnableDynamicAgentLoading to hide this warning
WARNING: If a serviceability tool is not in use, please run with -Djdk.instrument.traceUsage for more information
WARNING: Dynamic loading of agents will be disallowed by default in a future release
]]></system-err>
  </testcase>
</testsuite>